----------------------------------------------------------------
Sun Dec 20 11:28:57 EST 2015:
Booting Derby version The Apache Software Foundation - Apache Derby - 10.11.1.1 - (1616546): instance a816c00e-0151-c038-f562-000014fe5138 
on database directory /home/patrick/Documents/Testy/Set with class loader sun.misc.Launcher$AppClassLoader@5e2de80c 
Loaded from file:/mnt/CE48CFB148CF969D/Development/LG/Source/LG/derby.jar
java.vendor=Oracle Corporation
java.runtime.version=1.8.0_66-internal-b17
user.dir=/mnt/CE48CFB148CF969D/Development/LG/Source/LG
os.name=Linux
os.arch=amd64
os.version=4.2.0-22-generic
derby.system.home=/home/patrick/Documents/Testy
Database Class Loader started - derby.database.classpath=''
----------------------------------------------------------------
Sun Dec 20 11:28:59 EST 2015:
Booting Derby version The Apache Software Foundation - Apache Derby - 10.11.1.1 - (1616546): instance 08264012-0151-c038-f562-000014fe5138 
on database directory /home/patrick/Documents/Testy/2015 with class loader sun.misc.Launcher$AppClassLoader@5e2de80c 
Loaded from file:/mnt/CE48CFB148CF969D/Development/LG/Source/LG/derby.jar
java.vendor=Oracle Corporation
java.runtime.version=1.8.0_66-internal-b17
user.dir=/mnt/CE48CFB148CF969D/Development/LG/Source/LG
os.name=Linux
os.arch=amd64
os.version=4.2.0-22-generic
derby.system.home=/home/patrick/Documents/Testy
Database Class Loader started - derby.database.classpath=''
